make[1]: Entering directory '/root/toco-nh-kernel/out'
  CHK     include/config/kernel.release
  GEN     ./Makefile
  CHK     include/generated/uapi/linux/version.h
  CHK     include/generated/utsrelease.h
  Using .. as source for kernel
  WRAP    arch/arm64/include/generated/asm/bugs.h
  WRAP    arch/arm64/include/generated/asm/clkdev.h
  WRAP    arch/arm64/include/generated/asm/delay.h
  WRAP    arch/arm64/include/generated/asm/div64.h
  WRAP    arch/arm64/include/generated/asm/dma.h
  WRAP    arch/arm64/include/generated/asm/dma-contiguous.h
  WRAP    arch/arm64/include/generated/asm/early_ioremap.h
  WRAP    arch/arm64/include/generated/asm/emergency-restart.h
  WRAP    arch/arm64/include/generated/asm/hw_irq.h
  WRAP    arch/arm64/include/generated/asm/irq_regs.h
  WRAP    arch/arm64/include/generated/asm/kdebug.h
  WRAP    arch/arm64/include/generated/asm/kmap_types.h
  WRAP    arch/arm64/include/generated/asm/local.h
  WRAP    arch/arm64/include/generated/asm/local64.h
  WRAP    arch/arm64/include/generated/asm/mcs_spinlock.h
  WRAP    arch/arm64/include/generated/asm/mm-arch-hooks.h
  WRAP    arch/arm64/include/generated/asm/msi.h
  WRAP    arch/arm64/include/generated/asm/preempt.h
  WRAP    arch/arm64/include/generated/asm/qrwlock.h
  WRAP    arch/arm64/include/generated/asm/segment.h
  WRAP    arch/arm64/include/generated/asm/serial.h
  WRAP    arch/arm64/include/generated/asm/set_memory.h
  WRAP    arch/arm64/include/generated/asm/sizes.h
  WRAP    arch/arm64/include/generated/asm/switch_to.h
  WRAP    arch/arm64/include/generated/asm/trace_clock.h
  WRAP    arch/arm64/include/generated/asm/unaligned.h
  WRAP    arch/arm64/include/generated/asm/user.h
  WRAP    arch/arm64/include/generated/asm/vga.h
  WRAP    arch/arm64/include/generated/asm/xor.h
  LDS     scripts/module-lto.lds
  HOSTCC  scripts/dtc/dtc.o
  HOSTCC  scripts/genksyms/genksyms.o
  CC      kernel/bounds.s
  CC      scripts/mod/empty.o
  HOSTCC  scripts/dtc/flattree.o
  HOSTCC  scripts/selinux/genheaders/genheaders
  CHK     include/generated/timeconst.h
  HOSTCC  scripts/mod/mk_elfconfig
  UPD     include/generated/timeconst.h
  CHK     include/generated/bounds.h
  UPD     include/generated/bounds.h
  SHIPPED scripts/genksyms/parse.tab.c
  CC      arch/arm64/kernel/asm-offsets.s
  SHIPPED scripts/genksyms/lex.lex.c
  SHIPPED scripts/genksyms/parse.tab.h
  HOSTCC  scripts/kallsyms
  HOSTCC  scripts/genksyms/parse.tab.o
  HOSTCC  scripts/selinux/mdp/mdp
  HOSTCC  scripts/genksyms/lex.lex.o
  HOSTCC  scripts/sortextable
  HOSTCC  scripts/asn1_compiler
  CC      scripts/mod/devicetable-offsets.s
  HOSTCC  scripts/extract-cert
  HOSTCC  scripts/dtc/fstree.o
  MKELF   scripts/mod/elfconfig.h
  CHK     scripts/mod/devicetable-offsets.h
  UPD     scripts/mod/devicetable-offsets.h
  HOSTCC  scripts/mod/modpost.o
  HOSTCC  scripts/mod/file2alias.o
  HOSTCC  scripts/dtc/data.o
  HOSTCC  scripts/mod/sumversion.o
  HOSTCC  scripts/dtc/livetree.o
  HOSTCC  scripts/dtc/treesource.o
  CHK     include/generated/asm-offsets.h
  UPD     include/generated/asm-offsets.h
  CALL    ../scripts/checksyscalls.sh
  HOSTLD  scripts/genksyms/genksyms
  HOSTCC  scripts/dtc/srcpos.o
  LDS     arch/arm64/kernel/vdso/vdso.lds
  VDSOC   arch/arm64/kernel/vdso/vgettimeofday.o
  HOSTLD  scripts/mod/modpost
  VDSOA   arch/arm64/kernel/vdso/note.o
  VDSOA   arch/arm64/kernel/vdso/sigreturn.o
  HOSTCC  scripts/dtc/checks.o
  HOSTCC  scripts/dtc/util.o
  SHIPPED scripts/dtc/dtc-lexer.lex.c
  SHIPPED scripts/dtc/dtc-parser.tab.h
  SHIPPED scripts/dtc/dtc-parser.tab.c
  HOSTCC  scripts/dtc/dtc-lexer.lex.o
  HOSTCC  scripts/dtc/dtc-parser.tab.o
  LD      arch/arm64/kernel/vdso/vdso.so.dbg
  VDSOSYM include/generated/vdso-offsets.h
  HOSTLD  scripts/dtc/dtc
  VDSOA32   arch/arm64/kernel/vdso32/sigreturn.o
  HOSTCC  arch/arm64/kernel/vdso32/../../../arm/vdso/vdsomunge
  VDSOC32   arch/arm64/kernel/vdso32/vgettimeofday.o
  LDS     arch/arm64/kernel/vdso32/vdso.lds
  VDSOL32   arch/arm64/kernel/vdso32/vdso.so.raw
  MUNGE   arch/arm64/kernel/vdso32/vdso.so.dbg
  VDSOSYM include/generated/vdso32-offsets.h
  CHK     include/generated/compile.h
  CC      init/main.o
  CC      init/do_mounts.o
  CC      init/do_mounts_initrd.o
  CC      init/do_mounts_rd.o
  CC      init/do_mounts_dm.o
  CC      init/initramfs.o
  CC      init/calibrate.o
  CC      init/noinitramfs.o
  CC      init/init_task.o
  HOSTCC  usr/gen_init_cpio
  UPD     include/generated/compile.h
  CC      init/version.o
  CC      arch/arm64/mm/dma-mapping.o
  CC      arch/arm64/mm/extable.o
  CC      arch/arm64/kernel/debug-monitors.o
  CC      arch/arm64/net/bpf_jit_comp.o
  GEN     usr/initramfs_data.cpio
  CC      arch/arm64/crypto/sha1-ce-glue.o
  AS      usr/initramfs_data.o
  AR      usr/built-in.o
  AS      arch/arm64/kernel/entry.o
  CC      arch/arm64/mm/fault.o
  CC      certs/system_keyring.o
  CC      arch/arm64/mm/init.o
  AS      arch/arm64/mm/cache.o
  AS      arch/arm64/crypto/sha1-ce-core.o
  CC      arch/arm64/kernel/irq.o
  CC      kernel/fork.o
  CC      arch/arm64/kernel/fpsimd.o
  AS      arch/arm64/kernel/entry-fpsimd.o
  EXTRACT_CERTS   
  CC      arch/arm64/kernel/process.o
  CC      kernel/exec_domain.o
  CC      mm/filemap.o
  CC      ipc/compat.o
  CC      arch/arm64/crypto/sha2-ce-glue.o
  AR      arch/arm64/net/built-in.o
  CC      fs/open.o
  CC      arch/arm64/kernel/ptrace.o
  AR      init/mounts.o
  AS      certs/system_certificates.o
  AS      arch/arm64/crypto/sha2-ce-core.o
  AR      init/built-in.o
  CC      arch/arm64/crypto/ghash-ce-glue.o
  AS      arch/arm64/crypto/ghash-ce-core.o
  AS      arch/arm64/crypto/aes-ce-core.o
  AR      certs/built-in.o
  CC      arch/arm64/crypto/aes-ce-glue.o
  CC      fs/read_write.o
  CC      arch/arm64/mm/copypage.o
  CC      kernel/panic.o
  CC      security/apparmor/apparmorfs.o
  CC      arch/arm64/crypto/aes-ce-ccm-glue.o
  CC      arch/arm64/mm/flush.o
  CC      ipc/util.o
  CC      arch/arm64/kernel/setup.o
  CC      crypto/api.o
  CC      arch/arm64/mm/ioremap.o
  CC      arch/arm64/kernel/signal.o
  CC      arch/arm64/kernel/sys.o
  CC      crypto/cipher.o
  CC      arch/arm64/mm/mmap.o
  AS      arch/arm64/crypto/aes-ce-ccm-core.o
  CC      arch/arm64/kernel/stacktrace.o
  CC      crypto/compress.o
  CC      arch/arm64/crypto/aes-glue-ce.o
  CC      mm/mempool.o
  CC      kernel/cpu.o
  CC      fs/file_table.o
  CC      ipc/msgutil.o
  CC      arch/arm64/mm/pgd.o
  CC      crypto/memneq.o
  CC      block/bio.o
  CC      kernel/exit.o
  CC      crypto/crypto_wq.o
  CC      security/apparmor/audit.o
  CC      crypto/algapi.o
  CC      crypto/scatterwalk.o
  CC      mm/oom_kill.o
  CC      arch/arm64/kernel/time.o
  AS      arch/arm64/crypto/aes-ce.o
  CC      ipc/msg.o
  CC      arch/arm64/mm/mmu.o
  CC      arch/arm64/crypto/aes-glue-neon.o
  CC      arch/arm64/mm/context.o
  AR      drivers/../extra_tools/drivers/hci_smd-3/built-in.o
  CC      crypto/proc.o
  AS      arch/arm64/mm/proc.o
  AR      drivers/../extra_tools/drivers/hci_smd-4/built-in.o
  CC      fs/super.o
  CC      crypto/aead.o
  GEN     security/apparmor/capability_names.h
  CC      security/apparmor/context.o
  CC      security/integrity/iint.o
  AS      arch/arm64/crypto/aes-neon.o
  CC      arch/arm64/kernel/traps.o
  CC      arch/arm64/crypto/sha256-glue.o
  CC      block/elevator.o
  AR      drivers/../extra_tools/drivers/rtl8188eus/built-in.o
  CC [M]  drivers/../extra_tools/drivers/rtl8188eus/core/rtw_cmd.o
  CC      drivers/amba/bus.o
  CC      mm/maccess.o
  CC      sound/sound_core.o
  CC      ipc/sem.o
  CC      security/integrity/integrity_audit.o
  CC      arch/arm64/kernel/io.o
  CC      kernel/softirq.o
  CC      arch/arm64/mm/pageattr.o
  CC      crypto/ablkcipher.o
  CC      fs/char_dev.o
  CC      block/blk-core.o
  CC      security/apparmor/ipc.o
  CC      security/keys/gc.o
  CC      arch/arm64/kernel/vdso.o
  AR      security/integrity/integrity.o
  CC      mm/page_alloc.o
  AR      security/integrity/built-in.o
  SHIPPED arch/arm64/crypto/sha256-core.S
  CC      crypto/blkcipher.o
  AS      arch/arm64/crypto/aes-cipher-core.o
  AR      sound/arm/built-in.o
  AR      drivers/amba/built-in.o
  CC      arch/arm64/mm/hugetlbpage.o
  AR      sound/atmel/built-in.o
  CC      arch/arm64/crypto/aes-cipher-glue.o
  CC      drivers/android/binder.o
  CC      sound/core/sound.o
  CC      ipc/shm.o
  CC [M]  drivers/../extra_tools/drivers/rtl8188eus/core/rtw_security.o
  CC      kernel/resource.o
  MK_FW   firmware/st_fts_f4.ftb.gen.S
  IHEX    firmware/st_fts_f4.ftb
  MK_FW   firmware/st_fts_f4l.ftb.gen.S
  IHEX    firmware/st_fts_f4l.ftb
  MK_FW   firmware/goodix_gt9886_cfg_f4.bin.gen.S
  IHEX    firmware/goodix_gt9886_cfg_f4.bin
  MK_FW   firmware/goodix_gt9886_fw_f4.bin.gen.S
  IHEX    firmware/goodix_gt9886_fw_f4.bin
  AS      arch/arm64/kernel/hyp-stub.o
  CC      security/keys/key.o
  CC      security/apparmor/lib.o
  AS      firmware/st_fts_f4.ftb.gen.o
  CC      fs/stat.o
  CC      arch/arm64/kernel/psci.o
  AS      firmware/st_fts_f4l.ftb.gen.o
  AR      arch/arm64/crypto/sha1-ce.o
  AR      arch/arm64/crypto/sha2-ce.o
  AR      arch/arm64/crypto/ghash-ce.o
  AS      firmware/goodix_gt9886_cfg_f4.bin.gen.o
  AR      arch/arm64/mm/built-in.o
